        -:    0:Source:prog.c
        -:    0:Graph:prog.gcno
        -:    0:Data:prog.gcda
        -:    0:Runs:4
        -:    1:/*
        -:    2:  This is a small program to demonstrate gcov. It
        -:    3:  can take no arguments or 1 argument. It prints
        -:    4:  a message if more than one is given. If the argument's
        -:    5:  value is odd it prints out odd, otherwise even.
        -:    6:  The goal is to show you need multiple test cases
        -:    7:  to cover all of the code.
        -:    8:
        -:    9:  -richard.m.veras@ou.edu
        -:   10:*/
        -:   11:#include <stdio.h>
        -:   12:#include <stdlib.h>
        -:   13:
        4:   14:int main(int argc, char *argv[])
        -:   15:{
        -:   16:  // No arguments passed
        -:   17:  // note: argv[0] is the name of the
        -:   18:  // program, so we always have at least
        -:   19:  // 1 value in argv.
        4:   20:  if (argc == 1+0)
        1:   21:    printf("I need more arguments!\n");
        -:   22:  // If we have 1 argument
        3:   23:  else if( argc == 1+1 )
        -:   24:    {
        -:   25:      // convert the argument to a value
        2:   26:      int val = atoi(argv[1]);
        2:   27:      if ( val % 2 == 0)
        1:   28:	printf("Even!\n");
        -:   29:      else
        1:   30:	printf("Odd\n");
        -:   31:    }
        -:   32:  // more than 1 argument
        -:   33:  else
        1:   34:    printf("I need less arguments!\n");
        4:   35:  return 0;
        -:   36:}
